function createFormatWrap(opts) {
    return new Format(opts);
  } [my-bank-api info: API Running]
function createFormatWrap(opts) {
    return new Format(opts);
  } [my-bank-api info: GET /account]
function createFormatWrap(opts) {
    return new Format(opts);
  } [my-bank-api info: POST /account - {"id":2,"name":"Bia","balance":5200}]
function createFormatWrap(opts) {
    return new Format(opts);
  } [my-bank-api info: API Running]
function createFormatWrap(opts) {
    return new Format(opts);
  } [my-bank-api info: API Running]
function createFormatWrap(opts) {
    return new Format(opts);
  } [my-bank-api info: API Running]
function createFormatWrap(opts) {
    return new Format(opts);
  } [my-bank-api info: API Running]
function createFormatWrap(opts) {
    return new Format(opts);
  } [my-bank-api info: API Running]
function createFormatWrap(opts) {
    return new Format(opts);
  } [my-bank-api info: API Running]
2022-09-04T07:02:20.686Z [my-bank-api info: API Running]
2022-09-04T07:04:56.343Z [my-bank-api info: API Running]
2022-09-04T07:05:26.858Z [my-bank-api info: API Running]
2022-09-04T07:05:40.688Z [my-bank-api info: API Running]
2022-09-04T07:05:44.799Z [my-bank-api info: API Running]
2022-09-04T07:05:58.205Z [my-bank-api info: API Running]
2022-09-04T07:06:02.477Z [my-bank-api info: API Running]
2022-09-04T07:06:11.485Z [my-bank-api info: API Running]
2022-09-04T07:06:17.610Z [my-bank-api info: API Running]
2022-09-04T07:06:20.758Z [my-bank-api info: API Running]
2022-09-04T07:06:27.214Z [my-bank-api info: API Running]
2022-09-04T07:06:35.591Z [my-bank-api info: API Running]
2022-09-04T07:06:49.194Z [my-bank-api error: POST /account Name e Balance são obrigatórios]
2022-09-04T07:07:47.029Z [my-bank-api info: API Running]
2022-09-04T07:07:49.665Z [my-bank-api info: API Running]
2022-09-04T07:07:50.640Z [my-bank-api info: API Running]
2022-09-04T07:08:51.532Z [my-bank-api info: API Running]
2022-09-04T07:08:58.746Z [my-bank-api info: API Running]
2022-09-04T07:09:03.339Z [my-bank-api info: API Running]
2022-09-04T07:09:22.078Z [my-bank-api info: API Running]
2022-09-04T07:09:50.181Z [my-bank-api info: API Running]
2022-09-04T07:10:01.544Z [my-bank-api info: API Running]
2022-09-04T07:10:11.396Z [my-bank-api info: API Running]
2022-09-04T07:10:14.081Z [my-bank-api info: API Running]
2022-09-04T07:10:18.658Z [my-bank-api info: API Running]
2022-09-04T07:12:22.173Z [my-bank-api info: API Running]
2022-09-04T07:12:54.880Z [my-bank-api info: API Running]
2022-09-04T07:13:02.740Z [my-bank-api info: API Running]
2022-09-04T07:13:07.458Z [my-bank-api info: API Running]
2022-09-04T07:13:13.022Z [my-bank-api info: API Running]
2022-09-04T07:13:19.508Z [my-bank-api info: GET /account]
2022-09-04T07:13:37.335Z [my-bank-api error: PUT /account Registro não encontrado]
2022-09-04T07:14:05.305Z [my-bank-api info: API Running]
2022-09-04T07:14:10.679Z [my-bank-api info: API Running]
2022-09-04T07:16:19.524Z [my-bank-api info: API Running]
2022-09-04T07:16:20.673Z [my-bank-api info: API Running]
2022-09-04T07:16:23.592Z [my-bank-api info: API Running]
2022-09-04T07:17:01.004Z [my-bank-api info: API Running]
2022-09-04T07:17:03.769Z [my-bank-api info: API Running]
2022-09-04T07:17:07.382Z [my-bank-api info: API Running]
2022-09-04T07:17:11.378Z [my-bank-api info: API Running]
2022-09-04T07:17:13.652Z [my-bank-api info: API Running]
2022-09-04T07:17:25.777Z [my-bank-api info: API Running]
2022-09-04T07:17:33.986Z [my-bank-api info: API Running]
2022-09-04T07:17:39.457Z [my-bank-api info: API Running]
2022-09-04T07:18:38.713Z [my-bank-api info: API Running]
2022-09-04T07:19:00.622Z [my-bank-api info: API Running]
2022-09-04T07:19:39.025Z [my-bank-api info: API Running]
2022-09-04T07:19:41.723Z [my-bank-api info: API Running]
2022-09-04T07:19:45.807Z [my-bank-api info: API Running]
2022-09-04T07:19:48.663Z [my-bank-api info: API Running]
2022-09-04T07:19:51.169Z [my-bank-api info: API Running]
2022-09-04T07:20:00.249Z [my-bank-api info: API Running]
2022-09-04T07:20:03.296Z [my-bank-api info: API Running]
2022-09-04T07:20:06.153Z [my-bank-api info: API Running]
2022-09-04T07:21:32.323Z [my-bank-api info: API Running]
2022-09-04T07:21:35.694Z [my-bank-api info: API Running]
2022-09-05T03:31:51.935Z [my-bank-api info: API Running]
2022-09-05T03:32:55.793Z [my-bank-api info: API Running]
2022-09-05T03:33:01.688Z [my-bank-api info: API Running]
2022-09-06T04:03:52.659Z [my-bank-api info: API Running]
2022-09-06T04:04:58.160Z [my-bank-api info: API Running]
2022-09-06T04:05:37.326Z [my-bank-api info: API Running]
2022-09-06T04:14:53.887Z [my-bank-api info: API Running]
2022-09-06T04:17:15.240Z [my-bank-api info: POST /account - {"id":4,"name":"Fernando","balance":2000}]
2022-09-06T04:18:59.774Z [my-bank-api info: API Running]
2022-09-06T04:19:12.194Z [my-bank-api info: API Running]
2022-09-06T04:19:17.252Z [my-bank-api info: API Running]
2022-09-06T04:19:18.916Z [my-bank-api info: API Running]
2022-09-06T04:19:20.017Z [my-bank-api info: API Running]
2022-09-06T04:19:26.834Z [my-bank-api info: API Running]
2022-09-06T04:19:30.366Z [my-bank-api info: API Running]
2022-09-06T04:19:44.452Z [my-bank-api info: API Running]
2022-09-06T04:20:14.405Z [my-bank-api info: API Running]
2022-09-06T04:20:15.720Z [my-bank-api info: API Running]
2022-09-06T04:20:17.742Z [my-bank-api info: API Running]
2022-09-06T04:20:36.694Z [my-bank-api info: API Running]
2022-09-06T04:20:38.322Z [my-bank-api info: API Running]
2022-09-06T04:20:47.982Z [my-bank-api info: API Running]
2022-09-06T04:20:50.723Z [my-bank-api info: API Running]
2022-09-06T04:20:57.285Z [my-bank-api info: API Running]
2022-09-06T04:21:07.797Z [my-bank-api info: API Running]
2022-09-06T04:21:18.941Z [my-bank-api info: API Running]
2022-09-06T04:21:23.079Z [my-bank-api info: API Running]
2022-09-06T04:21:45.387Z [my-bank-api info: API Running]
2022-09-06T04:21:48.002Z [my-bank-api info: API Running]
2022-09-06T04:22:01.626Z [my-bank-api info: API Running]
2022-09-06T04:22:06.988Z [my-bank-api info: API Running]
2022-09-06T04:22:08.779Z [my-bank-api info: API Running]
2022-09-06T04:22:14.823Z [my-bank-api info: API Running]
2022-09-06T04:22:26.024Z [my-bank-api info: API Running]
2022-09-06T04:22:52.562Z [my-bank-api info: API Running]
2022-09-06T04:22:53.731Z [my-bank-api info: API Running]
2022-09-06T04:22:58.817Z [my-bank-api info: API Running]
2022-09-06T04:23:01.946Z [my-bank-api info: API Running]
2022-09-06T04:23:07.501Z [my-bank-api info: API Running]
2022-09-06T04:23:10.213Z [my-bank-api info: API Running]
2022-09-06T04:23:14.865Z [my-bank-api info: API Running]
2022-09-06T04:23:18.056Z [my-bank-api info: API Running]
2022-09-06T04:23:20.077Z [my-bank-api info: API Running]
2022-09-06T04:23:27.689Z [my-bank-api info: API Running]
2022-09-06T04:23:29.312Z [my-bank-api info: API Running]
2022-09-06T04:23:36.940Z [my-bank-api info: API Running]
2022-09-06T04:23:39.300Z [my-bank-api info: API Running]
2022-09-06T04:23:50.232Z [my-bank-api info: API Running]
2022-09-06T04:23:56.134Z [my-bank-api info: API Running]
2022-09-06T04:24:01.192Z [my-bank-api info: API Running]
2022-09-06T04:24:30.678Z [my-bank-api info: API Running]
2022-09-06T04:24:35.009Z [my-bank-api info: API Running]
2022-09-06T04:24:36.540Z [my-bank-api info: API Running]
2022-09-06T04:24:42.744Z [my-bank-api info: API Running]
2022-09-06T04:24:53.024Z [my-bank-api info: API Running]
2022-09-06T04:25:11.494Z [my-bank-api info: GET /account]
2022-09-06T04:25:45.105Z [my-bank-api info: API Running]
2022-09-06T04:25:48.434Z [my-bank-api info: API Running]
2022-09-06T04:31:28.767Z [my-bank-api info: API Running]
2022-09-06T04:33:59.071Z [my-bank-api info: API Running]
2022-09-06T04:34:05.431Z [my-bank-api info: API Running]
2022-09-06T04:34:09.454Z [my-bank-api info: API Running]
2022-09-06T04:34:20.221Z [my-bank-api info: API Running]
2022-09-06T04:34:22.003Z [my-bank-api info: API Running]
2022-09-06T04:34:24.197Z [my-bank-api info: API Running]
2022-09-06T04:34:26.790Z [my-bank-api info: API Running]
2022-09-06T04:34:36.203Z [my-bank-api info: API Running]
2022-09-06T04:35:11.434Z [my-bank-api info: API Running]
2022-09-06T04:35:16.980Z [my-bank-api info: API Running]
2022-09-06T04:35:30.150Z [my-bank-api info: API Running]
2022-09-06T04:35:58.598Z [my-bank-api info: API Running]
2022-09-06T04:36:29.930Z [my-bank-api info: API Running]
2022-09-06T04:36:36.558Z [my-bank-api info: API Running]
2022-09-06T04:36:43.422Z [my-bank-api info: API Running]
2022-09-06T04:36:45.473Z [my-bank-api info: API Running]
2022-09-06T04:36:49.880Z [my-bank-api info: API Running]
2022-09-06T04:37:03.396Z [my-bank-api info: API Running]
2022-09-06T04:37:15.136Z [my-bank-api info: API Running]
2022-09-06T04:37:17.983Z [my-bank-api info: API Running]
2022-09-06T04:37:19.249Z [my-bank-api info: API Running]
2022-09-06T04:37:32.249Z [my-bank-api info: API Running]
2022-09-06T04:37:53.001Z [my-bank-api info: API Running]
2022-09-06T04:38:56.488Z [my-bank-api error: POST /account readFile is not defined]
2022-09-06T04:39:11.955Z [my-bank-api info: API Running]
2022-09-06T04:39:17.872Z [my-bank-api info: API Running]
2022-09-06T04:39:19.961Z [my-bank-api info: POST /account - {"id":5,"name":"Maria","balance":2500}]
2022-09-06T04:41:13.420Z [my-bank-api info: API Running]
2022-09-06T04:42:30.296Z [my-bank-api info: API Running]
2022-09-06T04:42:32.949Z [my-bank-api info: API Running]
2022-09-06T04:42:35.305Z [my-bank-api info: API Running]
2022-09-06T04:42:38.176Z [my-bank-api info: API Running]
2022-09-06T04:42:41.367Z [my-bank-api info: API Running]
2022-09-06T04:42:50.188Z [my-bank-api info: API Running]
2022-09-06T04:42:52.882Z [my-bank-api info: API Running]
2022-09-06T04:42:59.735Z [my-bank-api info: API Running]
2022-09-06T04:43:01.890Z [my-bank-api info: API Running]
2022-09-06T04:43:17.448Z [my-bank-api info: API Running]
2022-09-06T04:43:21.668Z [my-bank-api info: API Running]
2022-09-06T04:43:32.970Z [my-bank-api error: GET /account data is not defined]
2022-09-06T04:43:40.729Z [my-bank-api info: API Running]
2022-09-06T04:43:42.035Z [my-bank-api info: GET /account]
2022-09-06T04:44:00.439Z [my-bank-api info: API Running]
2022-09-06T04:44:00.780Z [my-bank-api info: GET /account]
2022-09-06T04:44:05.166Z [my-bank-api info: API Running]
2022-09-06T04:44:59.715Z [my-bank-api info: API Running]
2022-09-06T04:45:11.036Z [my-bank-api info: API Running]
2022-09-06T04:45:40.446Z [my-bank-api info: API Running]
2022-09-06T04:45:42.561Z [my-bank-api info: API Running]
2022-09-06T04:45:44.869Z [my-bank-api info: API Running]
2022-09-06T04:45:46.773Z [my-bank-api info: API Running]
2022-09-06T04:45:52.821Z [my-bank-api info: API Running]
2022-09-06T04:45:56.137Z [my-bank-api info: API Running]
2022-09-06T04:46:03.653Z [my-bank-api info: API Running]
2022-09-06T04:46:12.883Z [my-bank-api error: GET /account req is not defined]
2022-09-06T04:51:33.366Z [my-bank-api info: API Running]
2022-09-06T04:51:39.758Z [my-bank-api info: API Running]
2022-09-06T04:51:44.016Z [my-bank-api info: API Running]
2022-09-06T04:51:51.887Z [my-bank-api info: API Running]
2022-09-06T04:51:57.555Z [my-bank-api info: API Running]
2022-09-06T04:52:29.281Z [my-bank-api info: API Running]
2022-09-06T04:52:43.365Z [my-bank-api info: API Running]
2022-09-06T04:52:46.294Z [my-bank-api info: API Running]
2022-09-06T04:53:09.999Z [my-bank-api info: API Running]
2022-09-06T04:55:11.565Z [my-bank-api info: API Running]
2022-09-06T04:55:17.357Z [my-bank-api info: API Running]
2022-09-06T04:55:26.065Z [my-bank-api info: API Running]
2022-09-06T04:55:35.354Z [my-bank-api info: API Running]
2022-09-06T04:55:39.788Z [my-bank-api info: API Running]
2022-09-06T04:56:17.492Z [my-bank-api info: API Running]
2022-09-06T04:56:23.087Z [my-bank-api info: API Running]
2022-09-06T04:56:41.260Z [my-bank-api info: API Running]
2022-09-06T04:56:44.015Z [my-bank-api info: API Running]
2022-09-06T04:56:50.767Z [my-bank-api info: API Running]
2022-09-06T04:56:53.212Z [my-bank-api info: API Running]
2022-09-06T04:57:14.371Z [my-bank-api info: API Running]
2022-09-06T04:57:21.247Z [my-bank-api info: API Running]
2022-09-06T04:57:27.511Z [my-bank-api info: API Running]
2022-09-06T04:57:29.181Z [my-bank-api info: API Running]
2022-09-06T04:57:31.572Z [my-bank-api info: API Running]
2022-09-06T04:57:34.534Z [my-bank-api info: API Running]
2022-09-06T04:58:41.494Z [my-bank-api info: API Running]
2022-09-06T04:58:55.769Z [my-bank-api info: API Running]
2022-09-06T04:59:31.323Z [my-bank-api info: API Running]
2022-09-06T04:59:56.750Z [my-bank-api info: API Running]
2022-09-06T04:59:58.067Z [my-bank-api info: API Running]
2022-09-06T05:00:00.028Z [my-bank-api info: API Running]
2022-09-06T05:00:03.463Z [my-bank-api info: API Running]
2022-09-06T05:00:11.435Z [my-bank-api info: API Running]
2022-09-06T05:01:09.041Z [my-bank-api info: API Running]
2022-09-06T05:01:21.591Z [my-bank-api info: API Running]
2022-09-06T05:01:25.468Z [my-bank-api info: API Running]
2022-09-06T05:01:50.964Z [my-bank-api info: API Running]
2022-09-06T05:01:52.615Z [my-bank-api info: API Running]
2022-09-06T05:02:02.752Z [my-bank-api info: API Running]
2022-09-06T05:02:27.401Z [my-bank-api info: API Running]
2022-09-06T05:02:31.160Z [my-bank-api info: API Running]
2022-09-06T05:02:33.559Z [my-bank-api info: API Running]
2022-09-06T05:02:34.740Z [my-bank-api info: API Running]
2022-09-06T05:03:31.359Z [my-bank-api info: API Running]
2022-09-06T05:04:18.566Z [my-bank-api info: API Running]
2022-09-06T05:04:33.362Z [my-bank-api info: API Running]
2022-09-06T05:05:31.003Z [my-bank-api info: API Running]
2022-09-06T05:06:05.592Z [my-bank-api info: API Running]
2022-09-06T05:06:08.364Z [my-bank-api info: API Running]
2022-09-06T05:06:14.721Z [my-bank-api info: API Running]
2022-09-06T05:06:33.056Z [my-bank-api info: API Running]
2022-09-06T05:06:37.532Z [my-bank-api info: API Running]
2022-09-06T05:06:42.524Z [my-bank-api info: API Running]
2022-09-06T05:06:49.262Z [my-bank-api info: API Running]
2022-09-06T05:06:55.319Z [my-bank-api info: API Running]
2022-09-06T05:07:00.439Z [my-bank-api info: API Running]
2022-09-06T05:07:01.935Z [my-bank-api info: API Running]
2022-09-06T05:09:09.285Z [my-bank-api info: API Running]
2022-09-06T05:09:14.224Z [my-bank-api info: API Running]
2022-09-06T05:09:15.233Z [my-bank-api info: API Running]
2022-09-06T05:09:18.455Z [my-bank-api info: API Running]
2022-09-06T05:09:24.068Z [my-bank-api info: API Running]
2022-09-06T05:09:36.337Z [my-bank-api info: API Running]
2022-09-06T05:09:38.348Z [my-bank-api info: API Running]
2022-09-06T05:09:39.785Z [my-bank-api info: API Running]
2022-09-06T05:09:42.523Z [my-bank-api info: API Running]
2022-09-06T05:10:58.671Z [my-bank-api info: API Running]
2022-09-06T05:11:27.385Z [my-bank-api info: GET /account]
2022-09-06T05:11:30.172Z [my-bank-api info: GET /account/:id]
2022-09-06T05:11:55.308Z [my-bank-api info: GET /account]
2022-09-06T05:12:55.248Z [my-bank-api info: PUT /account - {"id":1,"name":"Felipe L","balance":5000}]
2022-09-07T04:28:00.139Z [my-bank-api info: API Running]
2022-09-07T04:28:05.378Z [my-bank-api info: GET /account]
2022-09-07T04:28:14.805Z [my-bank-api info: GET /account/:id]
2022-09-07T04:28:25.900Z [my-bank-api info: GET /account]
2022-09-07T04:29:20.314Z [my-bank-api info: DELETE /account/:id - 5]
2022-09-07T04:29:25.938Z [my-bank-api info: GET /account]
2022-09-07T04:29:51.748Z [my-bank-api info: PUT /account - {"id":1,"name":"Felipe L","balance":6000}]
2022-09-07T04:29:55.603Z [my-bank-api info: GET /account]
2022-09-07T04:30:35.155Z [my-bank-api info: PATCH /account/updateBalance - {"id":2,"balance":6500}]
2022-09-07T04:30:40.665Z [my-bank-api info: GET /account]
2022-09-07T04:31:13.071Z [my-bank-api info: API Running]
2022-09-07T04:31:26.071Z [my-bank-api info: PATCH /account/updateBalance - {"id":2,"balance":6500}]
2022-09-07T04:31:30.788Z [my-bank-api info: GET /account]
2022-09-07T04:38:37.573Z [my-bank-api info: API Running]
2022-09-09T21:45:27.144Z [my-bank-api info: API Running]
2022-09-09T21:50:00.424Z [my-bank-api info: API Running]
2022-09-09T21:54:08.525Z [my-bank-api info: API Running]
2022-09-09T22:00:40.949Z [my-bank-api info: API Running]
2022-09-09T22:09:36.382Z [my-bank-api info: API Running]
2022-09-09T22:10:22.937Z [my-bank-api info: API Running]
2022-09-09T22:10:35.196Z [my-bank-api info: API Running]
2022-09-09T22:10:39.065Z [my-bank-api info: API Running]
2022-09-09T22:12:15.269Z [my-bank-api info: API Running]
2022-09-09T22:12:16.598Z [my-bank-api info: API Running]
2022-09-09T22:12:25.202Z [my-bank-api info: API Running]
2022-09-09T22:12:36.565Z [my-bank-api info: API Running]
2022-09-09T22:12:38.779Z [my-bank-api info: API Running]
2022-09-09T22:12:42.926Z [my-bank-api info: API Running]
2022-09-09T22:12:46.140Z [my-bank-api info: API Running]
2022-09-09T22:12:57.458Z [my-bank-api info: API Running]
2022-09-09T22:13:09.806Z [my-bank-api info: API Running]
2022-09-09T22:13:22.748Z [my-bank-api info: API Running]
2022-09-09T22:16:57.327Z [my-bank-api info: API Running]
2022-09-09T22:16:59.562Z [my-bank-api info: API Running]
2022-09-09T22:17:02.376Z [my-bank-api info: API Running]
2022-09-09T22:27:31.605Z [my-bank-api info: API Running]
2022-09-09T22:28:01.194Z [my-bank-api info: API Running]
2022-09-09T22:28:03.033Z [my-bank-api info: API Running]
2022-09-09T22:36:42.916Z [my-bank-api info: API Running]
2022-09-09T22:37:19.370Z [my-bank-api info: API Running]
2022-09-09T22:37:23.829Z [my-bank-api info: API Running]
2022-09-09T22:37:26.334Z [my-bank-api info: API Running]
2022-09-09T22:37:29.628Z [my-bank-api info: API Running]
2022-09-09T22:37:41.446Z [my-bank-api info: API Running]
2022-09-09T22:37:45.003Z [my-bank-api info: API Running]
2022-09-09T22:38:01.664Z [my-bank-api info: API Running]
2022-09-09T22:38:03.848Z [my-bank-api info: API Running]
2022-09-09T22:38:05.509Z [my-bank-api info: API Running]
2022-09-09T22:38:17.959Z [my-bank-api info: API Running]
2022-09-09T22:38:28.159Z [my-bank-api info: API Running]
2022-09-09T22:38:29.759Z [my-bank-api info: API Running]
2022-09-09T22:40:12.045Z [my-bank-api info: API Running]
2022-09-09T22:40:44.804Z [my-bank-api info: API Running]
2022-09-09T22:40:54.414Z [my-bank-api info: API Running]
2022-09-09T22:41:39.103Z [my-bank-api info: API Running]
2022-09-09T22:43:45.521Z [my-bank-api info: API Running]
2022-09-09T22:45:13.552Z [my-bank-api info: API Running]
2022-09-09T22:48:27.587Z [my-bank-api info: API Running]
2022-09-09T22:48:35.542Z [my-bank-api info: API Running]
2022-09-09T22:48:37.190Z [my-bank-api info: API Running]
2022-09-09T22:48:43.501Z [my-bank-api info: API Running]
2022-09-09T22:48:50.454Z [my-bank-api info: API Running]
2022-09-09T22:48:58.736Z [my-bank-api info: API Running]
2022-09-09T22:49:16.124Z [my-bank-api info: API Running]
2022-09-09T22:49:17.933Z [my-bank-api info: API Running]
2022-09-09T22:49:23.579Z [my-bank-api info: API Running]
2022-09-09T22:49:26.303Z [my-bank-api info: API Running]
2022-09-09T22:49:28.548Z [my-bank-api info: API Running]
2022-09-09T22:49:30.553Z [my-bank-api info: API Running]
2022-09-09T22:49:32.548Z [my-bank-api info: API Running]
2022-09-09T22:49:35.059Z [my-bank-api info: API Running]
2022-09-09T22:49:43.547Z [my-bank-api info: API Running]
2022-09-09T22:49:48.989Z [my-bank-api info: API Running]
2022-09-09T22:51:24.084Z [my-bank-api info: API Running]
2022-09-09T22:51:34.706Z [my-bank-api info: API Running]
2022-09-09T22:51:37.830Z [my-bank-api info: API Running]
2022-09-09T22:51:40.322Z [my-bank-api info: API Running]
2022-09-09T22:51:42.426Z [my-bank-api info: API Running]
2022-09-09T22:51:44.605Z [my-bank-api info: API Running]
2022-09-09T22:51:56.225Z [my-bank-api info: API Running]
2022-09-09T22:51:58.451Z [my-bank-api info: API Running]
2022-09-09T22:52:06.615Z [my-bank-api info: API Running]
2022-09-09T22:52:09.330Z [my-bank-api info: API Running]
2022-09-09T22:52:10.543Z [my-bank-api info: API Running]
2022-09-09T22:52:12.760Z [my-bank-api info: API Running]
2022-09-09T22:52:17.924Z [my-bank-api info: API Running]
2022-09-09T22:52:20.274Z [my-bank-api info: API Running]
2022-09-09T22:52:23.846Z [my-bank-api info: API Running]
2022-09-09T22:52:27.078Z [my-bank-api info: API Running]
2022-09-09T22:52:29.838Z [my-bank-api info: API Running]
2022-09-09T22:52:32.747Z [my-bank-api info: API Running]
2022-09-09T22:52:35.463Z [my-bank-api info: API Running]
2022-09-09T22:52:36.753Z [my-bank-api info: API Running]
2022-09-09T22:53:24.468Z [my-bank-api info: API Running]
2022-09-09T22:53:28.298Z [my-bank-api info: API Running]
2022-09-09T22:53:32.173Z [my-bank-api info: API Running]
2022-09-09T22:53:33.448Z [my-bank-api info: API Running]
2022-09-09T22:53:36.479Z [my-bank-api info: API Running]
2022-09-09T22:53:43.678Z [my-bank-api info: API Running]
2022-09-09T22:53:45.781Z [my-bank-api info: API Running]
2022-09-09T22:53:56.458Z [my-bank-api info: API Running]
2022-09-09T22:54:08.368Z [my-bank-api info: API Running]
2022-09-09T22:54:14.192Z [my-bank-api info: API Running]
2022-09-09T22:54:17.399Z [my-bank-api info: API Running]
2022-09-09T22:54:18.925Z [my-bank-api info: API Running]
2022-09-09T22:54:26.253Z [my-bank-api info: API Running]
2022-09-09T22:54:30.847Z [my-bank-api info: API Running]
2022-09-09T22:54:34.226Z [my-bank-api info: API Running]
2022-09-09T22:54:40.379Z [my-bank-api info: API Running]
2022-09-09T22:54:50.176Z [my-bank-api info: API Running]
2022-09-09T22:54:53.856Z [my-bank-api info: API Running]
2022-09-09T22:55:09.935Z [my-bank-api info: API Running]
2022-09-09T22:55:14.408Z [my-bank-api info: API Running]
2022-09-09T22:55:23.005Z [my-bank-api info: API Running]
2022-09-09T22:55:42.612Z [my-bank-api info: API Running]
2022-09-09T22:55:45.218Z [my-bank-api info: API Running]
2022-09-09T22:55:59.652Z [my-bank-api info: API Running]
2022-09-09T22:56:09.922Z [my-bank-api info: API Running]
2022-09-09T22:56:13.253Z [my-bank-api info: API Running]
2022-09-09T22:56:16.789Z [my-bank-api info: API Running]
2022-09-09T22:56:45.904Z [my-bank-api info: API Running]
2022-09-09T22:56:49.863Z [my-bank-api info: API Running]
2022-09-09T22:56:51.572Z [my-bank-api info: API Running]
2022-09-09T22:57:15.403Z [my-bank-api info: API Running]
2022-09-09T22:57:16.578Z [my-bank-api info: API Running]
2022-09-09T22:57:20.825Z [my-bank-api info: API Running]
2022-09-09T22:57:23.474Z [my-bank-api info: API Running]
2022-09-09T22:57:27.010Z [my-bank-api info: API Running]
2022-09-09T22:57:29.721Z [my-bank-api info: API Running]
2022-09-09T22:57:32.206Z [my-bank-api info: API Running]
2022-09-09T22:57:33.795Z [my-bank-api info: API Running]
2022-09-09T22:58:05.438Z [my-bank-api info: API Running]
2022-09-09T22:58:11.316Z [my-bank-api info: API Running]
2022-09-09T22:58:27.709Z [my-bank-api info: API Running]
2022-09-09T22:58:32.905Z [my-bank-api info: API Running]
2022-09-09T22:58:37.792Z [my-bank-api info: API Running]
2022-09-09T22:58:39.003Z [my-bank-api info: API Running]
2022-09-09T22:58:43.850Z [my-bank-api info: API Running]
2022-09-09T22:58:47.672Z [my-bank-api info: API Running]
2022-09-09T22:58:51.140Z [my-bank-api info: API Running]
2022-09-09T23:00:35.194Z [my-bank-api info: API Running]
2022-09-09T23:00:38.697Z [my-bank-api info: API Running]
2022-09-09T23:00:39.986Z [my-bank-api info: API Running]
2022-09-09T23:00:57.704Z [my-bank-api info: API Running]
2022-09-09T23:01:22.607Z [my-bank-api info: API Running]
2022-09-09T23:04:02.088Z [my-bank-api info: API Running]
2022-09-09T23:06:03.507Z [my-bank-api info: API Running]
2022-09-09T23:06:07.937Z [my-bank-api info: API Running]
2022-09-09T23:06:27.195Z [my-bank-api info: API Running]
2022-09-09T23:07:01.358Z [my-bank-api info: API Running]
2022-09-09T23:07:18.982Z [my-bank-api info: API Running]
2022-09-09T23:07:50.526Z [my-bank-api info: API Running]
2022-09-09T23:09:50.227Z [my-bank-api info: API Running]
2022-09-09T23:09:51.724Z [my-bank-api info: API Running]
2022-09-09T23:12:20.194Z [my-bank-api info: API Running]
2022-09-09T23:12:28.814Z [my-bank-api info: API Running]
2022-09-09T23:12:46.924Z [my-bank-api info: API Running]
2022-09-09T23:13:10.471Z [my-bank-api info: API Running]
2022-09-09T23:13:20.210Z [my-bank-api info: API Running]
2022-09-09T23:13:26.404Z [my-bank-api info: API Running]
2022-09-09T23:13:32.253Z [my-bank-api info: API Running]
2022-09-09T23:13:41.352Z [my-bank-api info: API Running]
2022-09-09T23:13:46.463Z [my-bank-api info: API Running]
2022-09-09T23:13:48.009Z [my-bank-api info: API Running]
2022-09-09T23:13:53.995Z [my-bank-api info: API Running]
2022-09-09T23:13:57.811Z [my-bank-api info: API Running]
2022-09-09T23:14:00.640Z [my-bank-api info: API Running]
2022-09-09T23:14:04.508Z [my-bank-api info: API Running]
2022-09-09T23:14:10.301Z [my-bank-api info: API Running]
2022-09-09T23:14:14.307Z [my-bank-api info: API Running]
2022-09-09T23:14:16.044Z [my-bank-api info: API Running]
2022-09-09T23:14:20.199Z [my-bank-api info: API Running]
2022-09-09T23:14:24.896Z [my-bank-api info: API Running]
2022-09-09T23:14:28.343Z [my-bank-api info: API Running]
2022-09-09T23:14:32.478Z [my-bank-api info: API Running]
2022-09-09T23:14:33.563Z [my-bank-api info: API Running]
2022-09-09T23:15:22.550Z [my-bank-api info: API Running]
2022-09-09T23:15:32.193Z [my-bank-api info: API Running]
2022-09-09T23:15:39.069Z [my-bank-api info: API Running]
2022-09-09T23:17:45.060Z [my-bank-api info: API Running]
2022-09-09T23:17:50.785Z [my-bank-api info: API Running]
2022-09-09T23:17:52.299Z [my-bank-api info: API Running]
2022-09-09T23:17:55.187Z [my-bank-api info: API Running]
2022-09-09T23:17:57.121Z [my-bank-api info: API Running]
2022-09-09T23:17:59.391Z [my-bank-api info: API Running]
2022-09-09T23:18:05.690Z [my-bank-api info: API Running]
2022-09-09T23:18:17.927Z [my-bank-api info: API Running]
2022-09-09T23:18:31.957Z [my-bank-api info: API Running]
2022-09-09T23:18:33.691Z [my-bank-api info: API Running]
2022-09-09T23:18:37.730Z [my-bank-api info: API Running]
2022-09-09T23:18:43.831Z [my-bank-api info: API Running]
2022-09-09T23:19:02.054Z [my-bank-api info: API Running]
2022-09-09T23:19:04.561Z [my-bank-api info: API Running]
2022-09-09T23:19:11.043Z [my-bank-api info: API Running]
2022-09-09T23:19:13.200Z [my-bank-api info: API Running]
2022-09-09T23:19:15.575Z [my-bank-api info: API Running]
2022-09-09T23:19:17.976Z [my-bank-api info: API Running]
2022-09-09T23:19:21.319Z [my-bank-api info: API Running]
2022-09-09T23:19:24.143Z [my-bank-api info: API Running]
2022-09-09T23:19:45.916Z [my-bank-api info: API Running]
2022-09-09T23:19:59.511Z [my-bank-api info: API Running]
2022-09-09T23:20:01.081Z [my-bank-api info: API Running]
2022-09-09T23:20:03.081Z [my-bank-api info: API Running]
2022-09-09T23:20:07.719Z [my-bank-api info: API Running]
2022-09-09T23:20:10.505Z [my-bank-api info: API Running]
2022-09-09T23:20:15.807Z [my-bank-api info: API Running]
2022-09-09T23:20:17.010Z [my-bank-api info: API Running]
2022-09-09T23:20:19.276Z [my-bank-api info: API Running]
2022-09-09T23:20:20.824Z [my-bank-api info: API Running]
2022-09-09T23:20:24.099Z [my-bank-api info: API Running]
2022-09-09T23:20:26.437Z [my-bank-api info: API Running]
2022-09-09T23:20:32.883Z [my-bank-api info: API Running]
2022-09-09T23:20:35.433Z [my-bank-api info: API Running]
2022-09-09T23:20:51.544Z [my-bank-api info: API Running]
2022-09-09T23:21:03.178Z [my-bank-api info: API Running]
2022-09-09T23:21:04.527Z [my-bank-api info: API Running]
2022-09-09T23:21:11.347Z [my-bank-api info: API Running]
2022-09-09T23:21:18.419Z [my-bank-api info: API Running]
2022-09-09T23:21:22.301Z [my-bank-api info: API Running]
2022-09-09T23:21:26.110Z [my-bank-api info: API Running]
2022-09-09T23:21:28.287Z [my-bank-api info: API Running]
2022-09-09T23:21:32.981Z [my-bank-api info: API Running]
2022-09-09T23:21:37.397Z [my-bank-api info: API Running]
2022-09-09T23:21:42.650Z [my-bank-api info: API Running]
2022-09-09T23:21:45.858Z [my-bank-api info: API Running]
2022-09-09T23:21:53.430Z [my-bank-api info: API Running]
2022-09-09T23:21:59.517Z [my-bank-api info: API Running]
2022-09-09T23:22:12.862Z [my-bank-api info: API Running]
2022-09-09T23:22:14.185Z [my-bank-api info: API Running]
2022-09-09T23:22:33.133Z [my-bank-api info: API Running]
2022-09-09T23:23:14.951Z [my-bank-api info: API Running]
2022-09-09T23:23:32.666Z [my-bank-api info: API Running]
2022-09-09T23:45:09.312Z [my-bank-api info: API Running]
2022-09-09T23:48:35.423Z [my-bank-api info: API Running]
