2022-09-08T21:22:11.793Z [api-delivery info: API Running]
2022-09-08T21:22:30.453Z [api-delivery info: GET /pedidos]
2022-09-08T21:24:36.398Z [api-delivery info: API Running]
2022-09-08T21:24:43.802Z [api-delivery info: GET /pedidos]
2022-09-08T21:24:58.873Z [api-delivery info: API Running]
2022-09-08T21:25:04.341Z [api-delivery info: GET /pedidos]
2022-09-08T21:50:21.536Z [api-delivery info: API Running]
2022-09-08T21:51:07.571Z [api-delivery info: API Running]
2022-09-08T21:51:21.659Z [api-delivery info: API Running]
2022-09-08T21:51:23.761Z [api-delivery info: API Running]
2022-09-08T21:51:26.334Z [api-delivery info: API Running]
2022-09-08T21:51:30.088Z [api-delivery info: API Running]
2022-09-08T21:51:36.458Z [api-delivery info: API Running]
2022-09-08T21:51:38.226Z [api-delivery info: API Running]
2022-09-08T21:51:40.557Z [api-delivery info: API Running]
2022-09-08T21:51:46.940Z [api-delivery info: API Running]
2022-09-08T21:51:56.160Z [api-delivery info: API Running]
2022-09-08T21:52:02.670Z [api-delivery info: API Running]
2022-09-08T21:53:01.187Z [api-delivery info: API Running]
2022-09-08T21:53:05.096Z [api-delivery info: API Running]
2022-09-08T21:53:20.422Z [api-delivery info: API Running]
2022-09-08T21:53:29.906Z [api-delivery info: API Running]
2022-09-08T21:53:37.510Z [api-delivery info: API Running]
2022-09-08T21:53:52.098Z [api-delivery info: API Running]
2022-09-08T21:53:54.532Z [api-delivery info: API Running]
2022-09-08T21:53:59.598Z [api-delivery info: API Running]
2022-09-08T21:54:01.505Z [api-delivery info: API Running]
2022-09-08T21:54:04.339Z [api-delivery info: API Running]
2022-09-08T21:54:08.459Z [api-delivery info: API Running]
2022-09-08T21:54:13.908Z [api-delivery info: API Running]
2022-09-08T21:54:18.210Z [api-delivery info: API Running]
2022-09-08T21:54:26.681Z [api-delivery info: API Running]
2022-09-08T21:54:31.159Z [api-delivery info: API Running]
2022-09-08T22:03:23.318Z [api-delivery info: API Running]
2022-09-08T22:03:46.337Z [api-delivery info: API Running]
2022-09-08T22:03:56.217Z [api-delivery info: API Running]
2022-09-08T22:03:58.367Z [api-delivery info: API Running]
2022-09-08T22:04:05.805Z [api-delivery info: API Running]
2022-09-08T22:04:08.985Z [api-delivery info: API Running]
2022-09-08T22:04:16.349Z [api-delivery info: API Running]
2022-09-08T22:04:27.238Z [api-delivery info: API Running]
2022-09-08T22:04:32.380Z [api-delivery info: API Running]
2022-09-08T22:04:41.337Z [api-delivery info: API Running]
2022-09-08T22:04:43.716Z [api-delivery info: API Running]
2022-09-08T22:04:44.793Z [api-delivery info: API Running]
2022-09-08T22:05:01.552Z [api-delivery info: API Running]
2022-09-08T22:05:17.498Z [api-delivery info: API Running]
2022-09-08T22:05:24.617Z [api-delivery info: API Running]
2022-09-08T22:05:38.207Z [api-delivery info: API Running]
2022-09-08T22:05:46.295Z [api-delivery info: API Running]
2022-09-08T22:05:56.251Z [api-delivery info: API Running]
2022-09-08T22:06:13.181Z [api-delivery info: API Running]
2022-09-08T22:06:25.453Z [api-delivery info: API Running]
2022-09-08T22:06:31.802Z [api-delivery info: API Running]
2022-09-08T22:06:36.899Z [api-delivery info: API Running]
2022-09-08T22:06:42.014Z [api-delivery info: API Running]
2022-09-08T22:06:46.055Z [api-delivery info: API Running]
2022-09-08T22:06:55.174Z [api-delivery info: API Running]
2022-09-08T22:07:14.158Z [api-delivery info: API Running]
2022-09-08T22:07:20.281Z [api-delivery info: API Running]
2022-09-08T22:07:22.308Z [api-delivery info: API Running]
2022-09-08T22:07:33.608Z [api-delivery info: API Running]
2022-09-08T22:07:52.729Z [api-delivery info: API Running]
2022-09-08T22:08:05.895Z [api-delivery info: API Running]
2022-09-08T22:08:24.049Z [api-delivery info: API Running]
2022-09-08T22:08:26.786Z [api-delivery info: API Running]
2022-09-08T22:08:35.125Z [api-delivery info: API Running]
2022-09-08T22:08:51.274Z [api-delivery info: GET /pedidos]
2022-09-08T22:09:20.056Z [api-delivery info: API Running]
2022-09-08T22:09:23.210Z [api-delivery info: API Running]
2022-09-08T22:09:28.706Z [api-delivery info: API Running]
2022-09-08T22:09:33.686Z [api-delivery info: API Running]
2022-09-08T22:09:39.066Z [api-delivery info: API Running]
2022-09-08T22:09:47.743Z [api-delivery error: GET /pedidos data.find is not a function]
2022-09-08T22:10:40.092Z [api-delivery info: API Running]
2022-09-08T22:10:42.542Z [api-delivery info: GET /pedidos/:id]
2022-09-08T22:11:34.554Z [api-delivery error: POST /pedidos Os campos de cliente, produto e valor são obrigatórios]
2022-09-08T22:12:49.225Z [api-delivery info: API Running]
2022-09-08T22:12:49.817Z [api-delivery info: API Running]
2022-09-08T22:13:48.522Z [api-delivery error: POST /pedidos Os campos de cliente, produto e valor são obrigatórios]
2022-09-09T00:55:20.398Z [api-delivery info: API Running]
2022-09-09T00:55:23.885Z [api-delivery info: API Running]
2022-09-11T00:16:34.372Z [api-delivery info: API Running]
2022-09-11T00:16:55.398Z [api-delivery info: GET /pedidos]
2022-09-11T00:17:09.239Z [api-delivery info: GET /pedidos/:id]
2022-09-11T00:17:57.062Z [api-delivery info: API Running]
2022-09-11T00:18:07.231Z [api-delivery info: API Running]
2022-09-11T00:18:39.855Z [api-delivery info: GET /pedidos]
2022-09-11T00:18:47.326Z [api-delivery info: GET /pedidos/:id]
2022-09-11T00:19:38.306Z [api-delivery info: API Running]
2022-09-11T00:20:12.266Z [api-delivery info: GET /pedidos/:id]
2022-09-11T00:20:51.018Z [api-delivery error: POST /pedidos Os campos de cliente, produto e valor são obrigatórios]
2022-09-11T00:20:57.803Z [api-delivery info: API Running]
2022-09-11T00:20:59.506Z [api-delivery error: POST /pedidos Os campos de cliente, produto e valor são obrigatórios]
2022-09-11T00:21:25.265Z [api-delivery info: API Running]
2022-09-11T00:21:27.767Z [api-delivery info: API Running]
2022-09-11T00:22:35.592Z [api-delivery info: POST /pedidos - {"id":501,"cliente":"Felipe","produto":"Queijo","valor":29,"entregue":false,"timestamp":"2022-09-11T00:22:35.584Z"}]
2022-09-11T00:22:36.317Z [api-delivery info: API Running]
2022-09-11T00:25:08.231Z [api-delivery info: API Running]
2022-09-11T00:25:09.213Z [api-delivery info: API Running]
2022-09-11T00:25:11.517Z [api-delivery info: API Running]
2022-09-11T00:25:55.340Z [api-delivery info: API Running]
2022-09-11T00:26:01.764Z [api-delivery info: API Running]
2022-09-11T00:26:04.570Z [api-delivery info: API Running]
2022-09-11T00:26:09.933Z [api-delivery info: API Running]
2022-09-11T00:26:14.041Z [api-delivery info: API Running]
2022-09-11T00:26:15.704Z [api-delivery info: API Running]
2022-09-11T00:26:19.446Z [api-delivery info: API Running]
2022-09-11T00:26:44.719Z [api-delivery info: API Running]
2022-09-11T00:26:46.888Z [api-delivery info: API Running]
2022-09-11T00:26:54.251Z [api-delivery info: API Running]
2022-09-11T00:26:58.333Z [api-delivery info: API Running]
2022-09-11T00:27:05.439Z [api-delivery info: API Running]
2022-09-11T00:27:08.497Z [api-delivery info: API Running]
2022-09-11T00:27:16.200Z [api-delivery info: API Running]
2022-09-11T00:27:28.959Z [api-delivery info: API Running]
2022-09-11T00:27:32.854Z [api-delivery info: API Running]
2022-09-11T00:27:34.066Z [api-delivery info: API Running]
2022-09-11T00:27:39.774Z [api-delivery info: API Running]
2022-09-11T00:27:43.575Z [api-delivery info: API Running]
2022-09-11T00:27:46.742Z [api-delivery info: API Running]
2022-09-11T00:27:58.022Z [api-delivery info: API Running]
2022-09-11T00:28:41.149Z [api-delivery info: API Running]
2022-09-11T00:28:42.432Z [api-delivery info: API Running]
2022-09-11T00:28:44.364Z [api-delivery info: API Running]
2022-09-11T00:28:49.228Z [api-delivery info: API Running]
2022-09-11T00:28:52.354Z [api-delivery info: API Running]
2022-09-11T00:28:59.673Z [api-delivery info: API Running]
2022-09-11T00:30:25.362Z [api-delivery info: API Running]
2022-09-11T00:30:32.430Z [api-delivery info: API Running]
2022-09-11T00:30:36.024Z [api-delivery info: API Running]
2022-09-11T00:30:39.919Z [api-delivery info: API Running]
2022-09-11T00:30:42.297Z [api-delivery info: API Running]
2022-09-11T00:30:43.834Z [api-delivery info: API Running]
2022-09-11T00:31:06.330Z [api-delivery info: API Running]
2022-09-11T00:31:09.792Z [api-delivery info: API Running]
2022-09-11T00:31:14.172Z [api-delivery info: API Running]
2022-09-11T00:31:17.376Z [api-delivery info: API Running]
2022-09-11T00:31:21.544Z [api-delivery info: API Running]
2022-09-11T00:31:28.995Z [api-delivery info: API Running]
2022-09-11T00:31:30.857Z [api-delivery info: API Running]
2022-09-11T00:31:50.428Z [api-delivery info: API Running]
2022-09-11T00:31:53.796Z [api-delivery info: API Running]
2022-09-11T00:32:31.484Z [api-delivery info: API Running]
2022-09-11T00:32:35.384Z [api-delivery info: API Running]
2022-09-11T00:32:39.767Z [api-delivery info: API Running]
2022-09-11T00:32:42.189Z [api-delivery info: API Running]
2022-09-11T00:33:04.265Z [api-delivery info: API Running]
2022-09-11T00:33:17.358Z [api-delivery info: API Running]
2022-09-11T00:33:38.863Z [api-delivery info: API Running]
2022-09-11T00:33:49.515Z [api-delivery info: API Running]
2022-09-11T00:33:50.960Z [api-delivery info: API Running]
2022-09-11T00:33:55.376Z [api-delivery info: API Running]
2022-09-11T00:34:04.472Z [api-delivery info: API Running]
2022-09-11T00:34:14.952Z [api-delivery info: API Running]
2022-09-11T00:34:43.503Z [api-delivery info: API Running]
2022-09-11T00:34:49.092Z [api-delivery info: API Running]
2022-09-11T00:34:58.882Z [api-delivery info: API Running]
2022-09-11T00:35:03.993Z [api-delivery info: API Running]
2022-09-11T00:35:15.215Z [api-delivery info: API Running]
2022-09-11T00:35:16.648Z [api-delivery info: API Running]
2022-09-11T00:35:19.019Z [api-delivery info: API Running]
2022-09-11T00:35:21.628Z [api-delivery info: API Running]
2022-09-11T00:35:26.984Z [api-delivery info: API Running]
2022-09-11T01:29:33.514Z [api-delivery error: PATCH /pedidos Os campos de ID, Cliente, produto, valor e entregue são obrigatórios]
2022-09-11T01:30:10.963Z [api-delivery info: PUT /pedido - {"id":501,"cliente":"Felipe","produto":"4 queijos","valor":30,"entregue":false}]
2022-09-11T01:30:39.592Z [api-delivery info: GET /pedidos]
2022-09-11T01:30:44.845Z [api-delivery info: GET /pedidos/:id]
2022-09-11T01:31:55.359Z [api-delivery info: POST /pedidos - {"id":502,"cliente":"Felipe Lago","produto":"4 queijos com Bacon","valor":35,"entregue":false,"timestamp":"2022-09-11T01:31:55.357Z"}]
2022-09-11T01:31:56.172Z [api-delivery info: API Running]
2022-09-11T01:34:11.518Z [api-delivery info: POST /pedidos - {"id":503,"cliente":"Alan","produto":"Brocolis","valor":35,"entregue":false,"timestamp":"2022-09-11T01:34:11.510Z"}]
2022-09-11T01:34:12.258Z [api-delivery info: API Running]
2022-09-11T01:36:09.765Z [api-delivery info: API Running]
2022-09-11T01:36:16.158Z [api-delivery info: API Running]
2022-09-11T01:36:20.533Z [api-delivery info: API Running]
2022-09-11T01:36:35.690Z [api-delivery info: API Running]
2022-09-11T01:36:56.022Z [api-delivery error: PATCH /pedidos Os campos de ID, Cliente, produto, valor e entregue são obrigatórios]
2022-09-11T01:38:56.171Z [api-delivery info: API Running]
2022-09-11T01:38:58.058Z [api-delivery info: API Running]
2022-09-11T01:39:03.124Z [api-delivery info: API Running]
2022-09-11T01:39:10.584Z [api-delivery info: API Running]
2022-09-11T01:39:12.486Z [api-delivery info: API Running]
2022-09-11T01:39:18.167Z [api-delivery info: API Running]
2022-09-11T01:39:21.131Z [api-delivery info: API Running]
2022-09-11T01:39:23.719Z [api-delivery info: API Running]
2022-09-11T01:39:26.051Z [api-delivery info: API Running]
2022-09-11T01:39:40.896Z [api-delivery info: API Running]
2022-09-11T01:39:54.652Z [api-delivery info: API Running]
2022-09-11T01:39:55.838Z [api-delivery info: API Running]
2022-09-11T01:39:58.789Z [api-delivery info: API Running]
2022-09-11T01:40:11.415Z [api-delivery info: API Running]
2022-09-11T01:40:19.479Z [api-delivery info: API Running]
2022-09-11T01:40:22.307Z [api-delivery info: API Running]
2022-09-11T01:40:28.828Z [api-delivery info: API Running]
2022-09-11T01:40:32.067Z [api-delivery info: API Running]
2022-09-11T01:40:37.568Z [api-delivery info: API Running]
2022-09-11T01:40:41.993Z [api-delivery info: API Running]
2022-09-11T01:40:52.145Z [api-delivery info: API Running]
2022-09-11T01:40:58.175Z [api-delivery info: API Running]
2022-09-11T01:41:04.174Z [api-delivery info: API Running]
2022-09-11T01:41:06.945Z [api-delivery info: API Running]
2022-09-11T01:41:12.323Z [api-delivery info: API Running]
2022-09-11T01:41:15.886Z [api-delivery info: API Running]
2022-09-11T01:41:21.404Z [api-delivery info: API Running]
2022-09-11T01:41:28.230Z [api-delivery info: API Running]
2022-09-11T01:56:46.879Z [api-delivery info: API Running]
2022-09-11T01:56:51.876Z [api-delivery info: API Running]
2022-09-11T01:56:54.652Z [api-delivery info: API Running]
2022-09-11T01:56:57.354Z [api-delivery info: API Running]
2022-09-11T01:56:59.885Z [api-delivery info: API Running]
2022-09-11T01:57:08.735Z [api-delivery info: API Running]
2022-09-11T01:57:15.966Z [api-delivery info: API Running]
2022-09-11T01:57:18.237Z [api-delivery info: API Running]
2022-09-11T01:58:49.702Z [api-delivery error: GET /pedidos Registro não encontrado]
2022-09-11T01:58:52.721Z [api-delivery info: GET /pedidos/:id]
2022-09-11T01:58:59.990Z [api-delivery info: GET /pedidos/:id]
2022-09-11T01:59:45.712Z [api-delivery error: PATCH /pedidos Campos ID e Status são obrigatórios]
2022-09-11T02:00:10.816Z [api-delivery info: API Running]
2022-09-11T02:00:19.170Z [api-delivery info: API Running]
2022-09-11T02:00:27.270Z [api-delivery error: PATCH /pedidos Status só pode ser preenchido true ou false]
2022-09-11T02:00:45.050Z [api-delivery info: API Running]
2022-09-11T02:00:47.109Z [api-delivery error: PATCH /pedidos Status só pode ser preenchido true ou false]
2022-09-11T02:06:12.070Z [api-delivery info: API Running]
2022-09-11T02:06:15.793Z [api-delivery error: PATCH /pedidos Status só pode ser preenchido true ou false]
2022-09-11T02:06:38.044Z [api-delivery info: API Running]
2022-09-11T02:06:41.273Z [api-delivery info: API Running]
2022-09-11T02:06:46.638Z [api-delivery info: API Running]
2022-09-11T02:06:48.703Z [api-delivery info: PATCH /pedido/updateStatus - {"id":501,"entregue":true}]
2022-09-11T02:07:01.457Z [api-delivery info: GET /pedidos/:id]
2022-09-11T02:09:30.081Z [api-delivery info: PATCH /pedido/updateStatus - {"id":501,"entregue":true}]
2022-09-11T02:11:09.460Z [api-delivery info: API Running]
2022-09-11T02:11:19.725Z [api-delivery info: API Running]
2022-09-11T02:11:24.947Z [api-delivery info: API Running]
2022-09-11T02:11:37.872Z [api-delivery info: API Running]
2022-09-11T02:11:48.789Z [api-delivery info: API Running]
2022-09-11T02:11:59.004Z [api-delivery info: API Running]
2022-09-11T02:12:07.480Z [api-delivery info: API Running]
2022-09-11T02:12:12.552Z [api-delivery info: API Running]
2022-09-11T02:12:14.575Z [api-delivery error: PATCH /pedidos pedido is not defined]
2022-09-11T02:13:15.194Z [api-delivery info: API Running]
2022-09-11T02:13:18.991Z [api-delivery info: PATCH /pedido/updateStatus - {"id":501,"entregue":true}]
2022-09-11T02:13:19.668Z [api-delivery info: API Running]
2022-09-11T02:14:04.623Z [api-delivery info: API Running]
2022-09-11T02:14:37.354Z [api-delivery info: API Running]
2022-09-11T02:14:39.070Z [api-delivery info: API Running]
2022-09-11T02:14:41.092Z [api-delivery info: API Running]
2022-09-11T02:14:48.743Z [api-delivery info: API Running]
2022-09-11T02:14:55.807Z [api-delivery info: API Running]
2022-09-11T02:14:59.089Z [api-delivery info: API Running]
2022-09-11T02:15:05.437Z [api-delivery info: API Running]
2022-09-11T02:16:29.234Z [api-delivery info: API Running]
2022-09-11T02:16:36.389Z [api-delivery info: API Running]
2022-09-11T02:17:28.727Z [api-delivery info: DELETE /pedidos/:id - 501]
2022-09-11T02:17:29.312Z [api-delivery info: API Running]
2022-09-11T02:18:34.980Z [api-delivery info: API Running]
2022-09-11T02:18:50.470Z [api-delivery info: API Running]
2022-09-11T02:19:06.365Z [api-delivery error: DELETE /pedidos Cannot read properties of undefined (reading 'filter')]
2022-09-11T02:19:28.833Z [api-delivery info: API Running]
2022-09-11T02:20:10.253Z [api-delivery error: DELETE /pedidos Cannot read properties of undefined (reading 'filter')]
2022-09-11T02:21:10.029Z [api-delivery info: API Running]
2022-09-11T02:21:11.171Z [api-delivery info: API Running]
2022-09-11T02:21:17.866Z [api-delivery info: API Running]
2022-09-11T02:22:18.011Z [api-delivery info: API Running]
2022-09-11T02:22:29.372Z [api-delivery error: DELETE /pedidos Cannot read properties of undefined (reading 'filter')]
2022-09-11T02:22:37.438Z [api-delivery error: DELETE /pedidos Cannot read properties of undefined (reading 'filter')]
2022-09-11T02:23:00.634Z [api-delivery error: DELETE /pedidos Cannot read properties of undefined (reading 'filter')]
2022-09-11T02:23:04.893Z [api-delivery error: DELETE /pedidos Cannot read properties of undefined (reading 'filter')]
2022-09-11T02:23:08.038Z [api-delivery error: DELETE /pedidos Cannot read properties of undefined (reading 'filter')]
2022-09-11T02:23:10.356Z [api-delivery error: DELETE /pedidos Cannot read properties of undefined (reading 'filter')]
2022-09-11T02:23:53.142Z [api-delivery info: API Running]
2022-09-11T02:24:38.602Z [api-delivery info: API Running]
2022-09-11T02:26:45.211Z [api-delivery info: API Running]
2022-09-11T02:26:47.941Z [api-delivery info: API Running]
2022-09-11T02:26:49.932Z [api-delivery info: API Running]
2022-09-11T02:26:52.175Z [api-delivery info: API Running]
2022-09-11T02:26:55.020Z [api-delivery info: API Running]
2022-09-11T02:26:56.269Z [api-delivery info: API Running]
2022-09-11T02:27:05.852Z [api-delivery info: API Running]
2022-09-11T02:27:07.487Z [api-delivery info: API Running]
2022-09-11T02:27:17.768Z [api-delivery info: API Running]
2022-09-11T02:27:21.600Z [api-delivery info: API Running]
2022-09-11T02:27:25.136Z [api-delivery info: API Running]
2022-09-11T02:27:26.283Z [api-delivery info: API Running]
2022-09-11T02:27:28.379Z [api-delivery info: API Running]
2022-09-11T02:27:36.126Z [api-delivery info: API Running]
2022-09-11T02:27:40.652Z [api-delivery info: API Running]
2022-09-11T02:28:19.643Z [api-delivery info: API Running]
2022-09-11T02:28:21.208Z [api-delivery info: API Running]
2022-09-11T06:11:35.592Z [api-delivery info: API Running]
2022-09-11T06:11:41.432Z [api-delivery info: API Running]
2022-09-11T06:11:46.199Z [api-delivery info: API Running]
2022-09-11T06:11:51.548Z [api-delivery info: API Running]
2022-09-11T06:11:54.825Z [api-delivery info: API Running]
2022-09-11T06:12:09.601Z [api-delivery info: API Running]
2022-09-11T06:12:13.986Z [api-delivery info: API Running]
2022-09-11T06:12:38.333Z [api-delivery info: API Running]
2022-09-11T06:12:44.163Z [api-delivery info: API Running]
2022-09-11T06:13:07.266Z [api-delivery info: GET /pedidos]
2022-09-11T06:13:40.822Z [api-delivery info: API Running]
2022-09-11T06:13:42.875Z [api-delivery info: API Running]
2022-09-11T06:13:43.793Z [api-delivery info: GET /pedidos]
2022-09-11T06:13:45.444Z [api-delivery info: GET /pedidos]
2022-09-11T06:14:51.897Z [api-delivery info: GET /pedidos]
2022-09-11T06:15:10.450Z [api-delivery info: API Running]
2022-09-11T06:15:29.521Z [api-delivery info: API Running]
2022-09-11T06:16:39.882Z [api-delivery info: API Running]
2022-09-11T06:16:41.051Z [api-delivery info: API Running]
2022-09-11T06:16:59.987Z [api-delivery info: API Running]
2022-09-11T06:17:02.957Z [api-delivery info: GET /pedidos]
2022-09-11T06:17:48.710Z [api-delivery info: API Running]
2022-09-11T06:19:05.590Z [api-delivery info: API Running]
2022-09-11T06:19:20.498Z [api-delivery info: API Running]
2022-09-11T06:19:43.230Z [api-delivery info: API Running]
2022-09-11T06:19:46.761Z [api-delivery info: API Running]
2022-09-11T06:19:50.384Z [api-delivery info: API Running]
2022-09-11T06:19:51.941Z [api-delivery info: API Running]
2022-09-11T06:20:01.431Z [api-delivery info: API Running]
2022-09-11T06:20:05.359Z [api-delivery info: API Running]
2022-09-11T06:20:07.109Z [api-delivery info: API Running]
2022-09-11T06:20:08.940Z [api-delivery info: API Running]
2022-09-11T06:20:18.431Z [api-delivery info: API Running]
2022-09-11T06:20:20.387Z [api-delivery info: API Running]
2022-09-11T06:21:07.647Z [api-delivery info: API Running]
2022-09-11T06:22:18.663Z [api-delivery info: API Running]
2022-09-11T06:22:28.995Z [api-delivery info: API Running]
2022-09-11T06:22:30.397Z [api-delivery info: API Running]
2022-09-11T06:22:33.261Z [api-delivery info: API Running]
2022-09-11T06:22:37.483Z [api-delivery info: API Running]
2022-09-11T06:22:40.451Z [api-delivery info: API Running]
2022-09-11T06:22:45.397Z [api-delivery info: API Running]
2022-09-11T06:22:49.636Z [api-delivery info: API Running]
2022-09-11T06:22:56.488Z [api-delivery info: API Running]
2022-09-11T06:23:04.040Z [api-delivery info: API Running]
2022-09-11T06:23:09.280Z [api-delivery info: API Running]
2022-09-11T06:23:14.812Z [api-delivery info: API Running]
2022-09-11T06:23:19.549Z [api-delivery info: API Running]
2022-09-11T06:23:22.825Z [api-delivery info: API Running]
2022-09-11T06:23:29.315Z [api-delivery info: API Running]
2022-09-11T06:23:33.242Z [api-delivery info: API Running]
2022-09-11T06:23:36.655Z [api-delivery info: API Running]
2022-09-11T06:23:43.814Z [api-delivery info: API Running]
2022-09-11T06:23:57.126Z [api-delivery info: API Running]
2022-09-11T06:24:41.836Z [api-delivery info: API Running]
2022-09-11T06:25:01.085Z [api-delivery error: GET /pedidos Cannot read properties of undefined (reading 'find')]
2022-09-11T06:25:20.656Z [api-delivery error: GET /pedidos Cannot read properties of undefined (reading 'find')]
2022-09-11T06:25:24.590Z [api-delivery error: GET /pedidos Cannot read properties of undefined (reading 'find')]
2022-09-11T06:25:27.038Z [api-delivery error: GET /pedidos Cannot read properties of undefined (reading 'find')]
2022-09-11T06:27:07.000Z [api-delivery error: GET /pedidos Cannot read properties of undefined (reading 'find')]
2022-09-11T06:27:46.125Z [api-delivery info: API Running]
2022-09-11T06:27:46.174Z [api-delivery error: GET /pedidos pedido is not defined]
2022-09-11T06:27:53.394Z [api-delivery error: GET /pedidos pedido is not defined]
2022-09-11T06:28:11.344Z [api-delivery info: API Running]
2022-09-11T06:28:12.243Z [api-delivery error: GET /pedidos Cannot read properties of undefined (reading 'find')]
2022-09-11T06:28:38.054Z [api-delivery info: API Running]
2022-09-11T06:28:38.375Z [api-delivery error: GET /pedidos Cannot read properties of undefined (reading 'find')]
2022-09-11T06:28:59.105Z [api-delivery info: API Running]
2022-09-11T06:28:59.762Z [api-delivery error: GET /pedidos Registro não encontrado]
2022-09-11T06:29:04.098Z [api-delivery error: GET /pedidos Registro não encontrado]
2022-09-11T06:29:11.062Z [api-delivery info: GET /pedidos]
2022-09-11T06:29:18.534Z [api-delivery info: API Running]
2022-09-11T06:30:40.537Z [api-delivery info: API Running]
2022-09-11T06:30:50.303Z [api-delivery info: API Running]
2022-09-11T06:30:51.929Z [api-delivery info: GET /pedidos]
2022-09-11T06:30:55.877Z [api-delivery error: GET /pedidos Cannot read properties of undefined (reading 'find')]
2022-09-11T06:31:00.981Z [api-delivery info: API Running]
